<?xml version="1.0" encoding="UTF-8"?>
<!-- Generated by org.testng.reporters.JUnitReportReporter -->
<testsuite hostname="LAPTOP-2SFTKBOU" failures="0" tests="3" name="io.qameta.allure.examples.testng.AllureParameterizedTest" time="0.018" errors="0" timestamp="16 дек. 2021 14:36:00 GMT" skipped="0">
  <testcase classname="io.qameta.allure.examples.testng.AllureParameterizedTest" name="allureFakeParameterizedTest" time="0.002"/>
  <testcase classname="io.qameta.allure.examples.testng.AllureParameterizedTest" name="allureParameterizedTest" time="0.008"/>
  <testcase classname="io.qameta.allure.examples.testng.AllureParameterizedTest" name="allureParameterizedTest" time="0.008"/>
</testsuite> <!-- io.qameta.allure.examples.testng.AllureParameterizedTest -->
