<?xml version="1.0" encoding="UTF-8"?>
<!-- Generated by org.testng.reporters.JUnitReportReporter -->
<testsuite hostname="LAPTOP-2SFTKBOU" failures="0" tests="2" name="io.qameta.allure.examples.testng.AllureFixtureTest" time="0.095" errors="0" timestamp="16 дек. 2021 14:36:00 GMT" skipped="0">
  <testcase classname="io.qameta.allure.examples.testng.AllureFixtureTest" name="allureFixtureTest2" time="0.003"/>
  <testcase classname="io.qameta.allure.examples.testng.AllureFixtureTest" name="allureFixtureTest" time="0.092"/>
</testsuite> <!-- io.qameta.allure.examples.testng.AllureFixtureTest -->
