<?xml version="1.0" encoding="UTF-8"?>
<!-- Generated by org.testng.reporters.JUnitReportReporter -->
<testsuite hostname="LAPTOP-2SFTKBOU" failures="0" tests="1" name="io.qameta.allure.examples.testng.AllureSimpleTest" time="0.039" errors="0" timestamp="16 дек. 2021 14:36:00 GMT" skipped="0">
  <testcase classname="io.qameta.allure.examples.testng.AllureSimpleTest" name="allureSimpleTest" time="0.039"/>
</testsuite> <!-- io.qameta.allure.examples.testng.AllureSimpleTest -->
